<?xml version="1.0" encoding="UTF-8"?>
<testsuite name="EncryptDecryptTest" tests="1" skipped="0" failures="0" errors="0" timestamp="2020-11-03T06:00:52" hostname="LAPTOP-P1P8GUCE" time="0.172">
  <properties/>
  <testcase name="start" classname="EncryptDecryptTest" time="0.172"/>
  <system-out><![CDATA[?[1;31m
Start test 1?[0m
input = Welcome to hyperskill!
?[1;31m
Start test 2?[0m
input = Hello
?[1;31m
Start test 3?[0m
input = 012345678
?[1;31m
Start test 4?[0m
input = \jqhtrj%yt%m~ujwxpnqq&
?[1;31m
Start test 5?[0m
input = Hi
?[1;31m
Start test 6?[0m
input = 222233334444
?[1;31m
Start test 7?[0m
input = welcome to hyperskill
?[1;31m
Start test 8?[0m
input = dbokcebo
?[1;31m
Start test 9?[0m
input = qdvdqvrxqwxrxwpvrxspvxiqgdiqarairpbiqqid
?[1;31m
Start test 10?[0m
input = i
?[1;31m
Start test 11?[0m
input = y
]]></system-out>
  <system-err><![CDATA[]]></system-err>
</testsuite>
